<?xml version="1.0" encoding="UTF-8"?>
<testsuite name="WordTest" tests="1" skipped="0" failures="0" errors="0" timestamp="2021-11-15T15:01:09" hostname="PC-FRANCO" time="0.012">
  <properties/>
  <testcase name="mixedCasedWordAllCapsTest()" classname="WordTest" time="0.012"/>
  <system-out><![CDATA[]]></system-out>
  <system-err><![CDATA[]]></system-err>
</testsuite>
